<?xml version="1.0" encoding="UTF-8"?>
<!-- Generated by org.testng.reporters.JUnitXMLReporter -->
<testsuite ignored="0" hostname="VenkatM3IN" failures="3" tests="12" name="test1" time="0.219" errors="0" timestamp="2021-12-07T13:44:50 IST">
  <testcase classname="com.Naukri31.Testcases.test" name="method1" time="0.006">
    <skipped/>
  </testcase> <!-- method1 -->
  <testcase classname="com.Naukri31.Testcases.test" name="method1" time="0.001">
    <skipped/>
  </testcase> <!-- method1 -->
  <testcase classname="com.Naukri31.Testcases.test" name="method1" time="0.001">
    <skipped/>
  </testcase> <!-- method1 -->
  <testcase classname="com.Naukri31.Testcases.test" name="method1" time="0.0">
    <failure type="java.lang.ArithmeticException" message="/ by zero">
      <![CDATA[java.lang.ArithmeticException: / by zero
at com.Naukri31.Testcases.test.method1(test.java:10)
at java.base/java.util.ArrayList.forEach(ArrayList.java:1511)
... Removed 27 stack frames]]>
    </failure>
  </testcase> <!-- method1 -->
  <testcase classname="com.Naukri31.Testcases.test" name="method2" time="0.001">
    <skipped/>
  </testcase> <!-- method2 -->
  <testcase classname="com.Naukri31.Testcases.test" name="method2" time="0.001">
    <skipped/>
  </testcase> <!-- method2 -->
  <testcase classname="com.Naukri31.Testcases.test" name="method2" time="0.001">
    <skipped/>
  </testcase> <!-- method2 -->
  <testcase classname="com.Naukri31.Testcases.test" name="method2" time="0.001">
    <failure type="java.lang.ArithmeticException" message="/ by zero">
      <![CDATA[java.lang.ArithmeticException: / by zero
at com.Naukri31.Testcases.test.method2(test.java:15)
at java.base/java.util.ArrayList.forEach(ArrayList.java:1511)
... Removed 27 stack frames]]>
    </failure>
  </testcase> <!-- method2 -->
  <testcase classname="com.Naukri31.Testcases.test" name="method3" time="0.001">
    <skipped/>
  </testcase> <!-- method3 -->
  <testcase classname="com.Naukri31.Testcases.test" name="method3" time="0.0">
    <skipped/>
  </testcase> <!-- method3 -->
  <testcase classname="com.Naukri31.Testcases.test" name="method3" time="0.001">
    <skipped/>
  </testcase> <!-- method3 -->
  <testcase classname="com.Naukri31.Testcases.test" name="method3" time="0.001">
    <failure type="java.lang.ArithmeticException" message="/ by zero">
      <![CDATA[java.lang.ArithmeticException: / by zero
at com.Naukri31.Testcases.test.method3(test.java:20)
at java.base/java.util.ArrayList.forEach(ArrayList.java:1511)
... Removed 27 stack frames]]>
    </failure>
  </testcase> <!-- method3 -->
</testsuite> <!-- test1 -->
