<?xml version="1.0" encoding="UTF-8"?>
<testng-results ignored="0" total="1" passed="1" failed="0" skipped="0">
  <reporter-output>
  </reporter-output>
  <suite started-at="2021-12-19T13:12:39 IST" name="Default suite" finished-at="2021-12-19T13:13:01 IST" duration-ms="22129">
    <groups>
    </groups>
    <test started-at="2021-12-19T13:12:39 IST" name="Default test" finished-at="2021-12-19T13:13:01 IST" duration-ms="22129">
      <class name="com.Naukri.Testcases.DragandDrop">
        <test-method is-config="true" signature="setup()[pri:0, instance:com.Naukri.Testcases.DragandDrop@71def8f8]" started-at="2021-12-19T13:12:39 IST" name="setup" finished-at="2021-12-19T13:12:46 IST" duration-ms="7342" status="PASS">
          <reporter-output>
          </reporter-output>
        </test-method> <!-- setup -->
        <test-method signature="draganddrop()[pri:0, instance:com.Naukri.Testcases.DragandDrop@71def8f8]" started-at="2021-12-19T13:12:46 IST" name="draganddrop" finished-at="2021-12-19T13:13:00 IST" duration-ms="14176" status="PASS">
          <reporter-output>
          </reporter-output>
        </test-method> <!-- draganddrop -->
        <test-method is-config="true" signature="tearDown()[pri:0, instance:com.Naukri.Testcases.DragandDrop@71def8f8]" started-at="2021-12-19T13:13:00 IST" name="tearDown" finished-at="2021-12-19T13:13:01 IST" duration-ms="589" status="PASS">
          <reporter-output>
          </reporter-output>
        </test-method> <!-- tearDown -->
      </class> <!-- com.Naukri.Testcases.DragandDrop -->
    </test> <!-- Default test -->
  </suite> <!-- Default suite -->
</testng-results>
